2018-10-18 01:22:39.546 [main] INFO  Runner - Сидячий вагон. Вместимость 62 мест. Занято 16 мест.
2018-10-18 01:22:39.562 [main] INFO  Runner - Купированный вагон. Вместимость 36 мест. Занято 20 мест.
2018-10-18 01:22:39.562 [main] INFO  Runner - Купированный вагон. Вместимость 36 мест. Занято 19 мест.
2018-10-18 01:22:39.562 [main] INFO  Runner - Спальный вагон. Вместимость 18 мест. Занято 17 мест.
2018-10-18 01:22:39.562 [main] INFO  Runner - Купированный вагон. Вместимость 36 мест. Занято 17 мест.
2018-10-18 01:22:39.562 [main] INFO  Runner - Спальный вагон. Вместимость 18 мест. Занято 5 мест.
2018-10-18 01:22:39.562 [main] INFO  Runner - Купированный вагон. Вместимость 36 мест. Занято 6 мест.
2018-10-18 01:22:39.562 [main] INFO  Runner - Плацкартный вагон. Вместимость 54 мест. Занято 44 мест.
2018-10-18 01:22:39.562 [main] INFO  Runner - Купированный вагон. Вместимость 36 мест. Занято 8 мест.
2018-10-18 01:22:39.562 [main] INFO  Runner - Багажный вагон. Вместимость 100 мест. Занято 100 мест.
2018-10-18 01:22:39.562 [main] INFO  Runner - Плацкартный вагон. Вместимость 54 мест. Занято 46 мест.
2018-10-18 01:22:39.562 [main] INFO  Runner - Багажный вагон. Вместимость 100 мест. Занято 11 мест.
2018-10-18 01:22:39.562 [main] INFO  Runner - Поезд успешно создан и готов к отправлению! Количество вагонов: 12.
2018-10-18 01:22:39.562 [main] INFO  Runner - Общее количество пассижиров поезда: 198.
2018-10-18 01:22:39.562 [main] INFO  Runner - Общее количество багажа в поезде: 111.
2018-10-18 01:22:39.562 [main] INFO  Runner - Сидячий вагон. Вместимость 62 мест. Занято 16 мест.
2018-10-18 01:22:39.562 [main] INFO  Runner - Купированный вагон. Вместимость 36 мест. Занято 20 мест.
2018-10-18 01:22:39.562 [main] INFO  Runner - Купированный вагон. Вместимость 36 мест. Занято 19 мест.
2018-10-18 01:22:39.562 [main] INFO  Runner - Спальный вагон. Вместимость 18 мест. Занято 17 мест.
2018-10-18 01:22:39.578 [main] INFO  Runner - Купированный вагон. Вместимость 36 мест. Занято 17 мест.
2018-10-18 01:22:39.578 [main] INFO  Runner - Спальный вагон. Вместимость 18 мест. Занято 5 мест.
2018-10-18 01:22:39.579 [main] INFO  Runner - Купированный вагон. Вместимость 36 мест. Занято 6 мест.
2018-10-18 01:22:39.579 [main] INFO  Runner - Плацкартный вагон. Вместимость 54 мест. Занято 44 мест.
2018-10-18 01:22:39.579 [main] INFO  Runner - Купированный вагон. Вместимость 36 мест. Занято 8 мест.
2018-10-18 01:22:39.580 [main] INFO  Runner - Багажный вагон. Вместимость 100 мест. Занято 100 мест.
2018-10-18 01:22:39.580 [main] INFO  Runner - Плацкартный вагон. Вместимость 54 мест. Занято 46 мест.
2018-10-18 01:22:39.580 [main] INFO  Runner - Багажный вагон. Вместимость 100 мест. Занято 11 мест.
2018-10-18 01:22:39.581 [main] INFO  Runner - Спальный вагон. Вместимость 18 мест. Занято 17 мест.
2018-10-18 01:22:39.581 [main] INFO  Runner - Спальный вагон. Вместимость 18 мест. Занято 5 мест.
2018-10-18 01:22:39.582 [main] INFO  Runner - Купированный вагон. Вместимость 36 мест. Занято 20 мест.
2018-10-18 01:22:39.582 [main] INFO  Runner - Купированный вагон. Вместимость 36 мест. Занято 19 мест.
2018-10-18 01:22:39.582 [main] INFO  Runner - Купированный вагон. Вместимость 36 мест. Занято 17 мест.
2018-10-18 01:22:39.583 [main] INFO  Runner - Купированный вагон. Вместимость 36 мест. Занято 6 мест.
2018-10-18 01:22:39.583 [main] INFO  Runner - Купированный вагон. Вместимость 36 мест. Занято 8 мест.
2018-10-18 01:22:39.584 [main] INFO  Runner - Плацкартный вагон. Вместимость 54 мест. Занято 44 мест.
2018-10-18 01:22:39.584 [main] INFO  Runner - Плацкартный вагон. Вместимость 54 мест. Занято 46 мест.
2018-10-18 01:22:39.584 [main] INFO  Runner - Сидячий вагон. Вместимость 62 мест. Занято 16 мест.
2018-10-18 01:22:39.584 [main] INFO  Runner - Багажный вагон. Вместимость 100 мест. Занято 100 мест.
2018-10-18 01:22:39.584 [main] INFO  Runner - Багажный вагон. Вместимость 100 мест. Занято 11 мест.
2018-10-18 01:22:39.584 [main] INFO  Runner - Спальный вагон. Вместимость 18 мест. Занято 17 мест.
2018-10-18 01:22:39.584 [main] INFO  Runner - Купированный вагон. Вместимость 36 мест. Занято 20 мест.
2018-10-18 01:22:39.600 [main] INFO  Runner - Купированный вагон. Вместимость 36 мест. Занято 19 мест.
2018-10-18 01:22:39.600 [main] INFO  Runner - Купированный вагон. Вместимость 36 мест. Занято 17 мест.
2018-10-18 01:22:39.600 [main] INFO  Runner - Сидячий вагон. Вместимость 62 мест. Занято 16 мест.
